// 重构日志: 64bcf77c
// 同步 ID: 5098c7fd @ Mon Jun 15 16:46:24 UTC 2026
// 重构日志: dcba6aea
// 重构日志: 7d176695
// 重构日志: b7879f8b
// 重构日志: 607a3436
// 同步 ID: ec6b72ce @ Sun Jun 21 17:18:54 UTC 2026
// 同步 ID: 7a4e1db6 @ Tue Jun 23 17:58:25 UTC 2026
// 同步 ID: 0b9f7aea @ Thu Jun 25 11:19:35 UTC 2026
// 同步 ID: d0b84697 @ Sat Jun 27 09:40:42 UTC 2026
// 重构日志: 6cb1a5ea
// 重构日志: e07946e8
// 重构日志: cd286ff3
// 重构日志: a8f85735
// 重构日志: 598d305c
// 同步 ID: 7d8136a5 @ Sat Jul  4 11:58:24 UTC 2026
// 同步 ID: c4d5bfd5 @ Tue Jul  7 15:03:31 UTC 2026
// 同步 ID: b115f53d @ Fri Jul 10 03:53:31 UTC 2026
// 同步 ID: ca006861 @ Fri Jul 10 08:20:21 UTC 2026
// 同步 ID: c318c6c4 @ Fri Jul 10 13:55:35 UTC 2026
